Analysis & Synthesis report for Alg1
Mon Mar 10 13:39:33 2025
Quartus Prime Version 23.1std.1 Build 993 05/14/2024 SC Lite Edition


---------------------
; Table of Contents ;
---------------------
  1. Legal Notice
  2. Analysis & Synthesis Summary
  3. Analysis & Synthesis Settings
  4. Parallel Compilation
  5. Analysis & Synthesis Source Files Read
  6. Analysis & Synthesis Resource Usage Summary
  7. Analysis & Synthesis Resource Utilization by Entity
  8. Registers Removed During Synthesis
  9. Removed Registers Triggering Further Register Optimizations
 10. General Register Statistics
 11. Parameter Settings for User Entity Instance: Top-level Entity: |Alg1
 12. Post-Synthesis Netlist Statistics for Top Partition
 13. Elapsed Time Per Partition
 14. Analysis & Synthesis Messages



----------------
; Legal Notice ;
----------------
Copyright (C) 2024  Intel Corporation. All rights reserved.
Your use of Intel Corporation's design tools, logic functions 
and other software and tools, and any partner logic 
functions, and any output files from any of the foregoing 
(including device programming or simulation files), and any 
associated documentation or information are expressly subject 
to the terms and conditions of the Intel Program License 
Subscription Agreement, the Intel Quartus Prime License Agreement,
the Intel FPGA IP License Agreement, or other applicable license
agreement, including, without limitation, that your use is for
the sole purpose of programming logic devices manufactured by
Intel and sold by Intel or its authorized distributors.  Please
refer to the applicable agreement for further details, at
https://fpgasoftware.intel.com/eula.



+-------------------------------------------------------------------------------------+
; Analysis & Synthesis Summary                                                        ;
+------------------------------------+------------------------------------------------+
; Analysis & Synthesis Status        ; Successful - Mon Mar 10 13:39:33 2025          ;
; Quartus Prime Version              ; 23.1std.1 Build 993 05/14/2024 SC Lite Edition ;
; Revision Name                      ; Alg1                                           ;
; Top-level Entity Name              ; Alg1                                           ;
; Family                             ; MAX 10                                         ;
; Total logic elements               ; 0                                              ;
;     Total combinational functions  ; 0                                              ;
;     Dedicated logic registers      ; 0                                              ;
; Total registers                    ; 0                                              ;
; Total pins                         ; 97                                             ;
; Total virtual pins                 ; 0                                              ;
; Total memory bits                  ; 0                                              ;
; Embedded Multiplier 9-bit elements ; 0                                              ;
; Total PLLs                         ; 0                                              ;
; UFM blocks                         ; 0                                              ;
; ADC blocks                         ; 0                                              ;
+------------------------------------+------------------------------------------------+


+------------------------------------------------------------------------------------------------------------+
; Analysis & Synthesis Settings                                                                              ;
+------------------------------------------------------------------+--------------------+--------------------+
; Option                                                           ; Setting            ; Default Value      ;
+------------------------------------------------------------------+--------------------+--------------------+
; Device                                                           ; 10M50DAF484C7G     ;                    ;
; Top-level entity name                                            ; Alg1               ; Alg1               ;
; Family name                                                      ; MAX 10             ; Cyclone V          ;
; Use smart compilation                                            ; Off                ; Off                ;
; Enable parallel Assembler and Timing Analyzer during compilation ; On                 ; On                 ;
; Enable compact report table                                      ; Off                ; Off                ;
; Restructure Multiplexers                                         ; Auto               ; Auto               ;
; Create Debugging Nodes for IP Cores                              ; Off                ; Off                ;
; Preserve fewer node names                                        ; On                 ; On                 ;
; Intel FPGA IP Evaluation Mode                                    ; Enable             ; Enable             ;
; Verilog Version                                                  ; Verilog_2001       ; Verilog_2001       ;
; VHDL Version                                                     ; VHDL_1993          ; VHDL_1993          ;
; State Machine Processing                                         ; Auto               ; Auto               ;
; Safe State Machine                                               ; Off                ; Off                ;
; Extract Verilog State Machines                                   ; On                 ; On                 ;
; Extract VHDL State Machines                                      ; On                 ; On                 ;
; Ignore Verilog initial constructs                                ; Off                ; Off                ;
; Iteration limit for constant Verilog loops                       ; 5000               ; 5000               ;
; Iteration limit for non-constant Verilog loops                   ; 250                ; 250                ;
; Add Pass-Through Logic to Inferred RAMs                          ; On                 ; On                 ;
; Infer RAMs from Raw Logic                                        ; On                 ; On                 ;
; Parallel Synthesis                                               ; On                 ; On                 ;
; DSP Block Balancing                                              ; Auto               ; Auto               ;
; NOT Gate Push-Back                                               ; On                 ; On                 ;
; Power-Up Don't Care                                              ; On                 ; On                 ;
; Remove Redundant Logic Cells                                     ; Off                ; Off                ;
; Remove Duplicate Registers                                       ; On                 ; On                 ;
; Ignore CARRY Buffers                                             ; Off                ; Off                ;
; Ignore CASCADE Buffers                                           ; Off                ; Off                ;
; Ignore GLOBAL Buffers                                            ; Off                ; Off                ;
; Ignore ROW GLOBAL Buffers                                        ; Off                ; Off                ;
; Ignore LCELL Buffers                                             ; Off                ; Off                ;
; Ignore SOFT Buffers                                              ; On                 ; On                 ;
; Limit AHDL Integers to 32 Bits                                   ; Off                ; Off                ;
; Optimization Technique                                           ; Balanced           ; Balanced           ;
; Carry Chain Length                                               ; 70                 ; 70                 ;
; Auto Carry Chains                                                ; On                 ; On                 ;
; Auto Open-Drain Pins                                             ; On                 ; On                 ;
; Perform WYSIWYG Primitive Resynthesis                            ; Off                ; Off                ;
; Auto ROM Replacement                                             ; On                 ; On                 ;
; Auto RAM Replacement                                             ; On                 ; On                 ;
; Auto DSP Block Replacement                                       ; On                 ; On                 ;
; Auto Shift Register Replacement                                  ; Auto               ; Auto               ;
; Allow Shift Register Merging across Hierarchies                  ; Auto               ; Auto               ;
; Auto Clock Enable Replacement                                    ; On                 ; On                 ;
; Strict RAM Replacement                                           ; Off                ; Off                ;
; Allow Synchronous Control Signals                                ; On                 ; On                 ;
; Force Use of Synchronous Clear Signals                           ; Off                ; Off                ;
; Auto RAM Block Balancing                                         ; On                 ; On                 ;
; Auto RAM to Logic Cell Conversion                                ; Off                ; Off                ;
; Auto Resource Sharing                                            ; Off                ; Off                ;
; Allow Any RAM Size For Recognition                               ; Off                ; Off                ;
; Allow Any ROM Size For Recognition                               ; Off                ; Off                ;
; Allow Any Shift Register Size For Recognition                    ; Off                ; Off                ;
; Use LogicLock Constraints during Resource Balancing              ; On                 ; On                 ;
; Ignore translate_off and synthesis_off directives                ; Off                ; Off                ;
; Timing-Driven Synthesis                                          ; On                 ; On                 ;
; Report Parameter Settings                                        ; On                 ; On                 ;
; Report Source Assignments                                        ; On                 ; On                 ;
; Report Connectivity Checks                                       ; On                 ; On                 ;
; Ignore Maximum Fan-Out Assignments                               ; Off                ; Off                ;
; Synchronization Register Chain Length                            ; 2                  ; 2                  ;
; Power Optimization During Synthesis                              ; Normal compilation ; Normal compilation ;
; HDL message level                                                ; Level2             ; Level2             ;
; Suppress Register Optimization Related Messages                  ; Off                ; Off                ;
; Number of Removed Registers Reported in Synthesis Report         ; 5000               ; 5000               ;
; Number of Swept Nodes Reported in Synthesis Report               ; 5000               ; 5000               ;
; Number of Inverted Registers Reported in Synthesis Report        ; 100                ; 100                ;
; Clock MUX Protection                                             ; On                 ; On                 ;
; Auto Gated Clock Conversion                                      ; Off                ; Off                ;
; Block Design Naming                                              ; Auto               ; Auto               ;
; SDC constraint protection                                        ; Off                ; Off                ;
; Synthesis Effort                                                 ; Auto               ; Auto               ;
; Shift Register Replacement - Allow Asynchronous Clear Signal     ; On                 ; On                 ;
; Pre-Mapping Resynthesis Optimization                             ; Off                ; Off                ;
; Analysis & Synthesis Message Level                               ; Medium             ; Medium             ;
; Disable Register Merging Across Hierarchies                      ; Auto               ; Auto               ;
; Resource Aware Inference For Block RAM                           ; On                 ; On                 ;
+------------------------------------------------------------------+--------------------+--------------------+


+------------------------------------------+
; Parallel Compilation                     ;
+----------------------------+-------------+
; Processors                 ; Number      ;
+----------------------------+-------------+
; Number detected on machine ; 32          ;
; Maximum allowed            ; 16          ;
;                            ;             ;
; Average used               ; 1.00        ;
; Maximum used               ; 1           ;
;                            ;             ;
; Usage by Processor         ; % Time Used ;
;     Processor 1            ; 100.0%      ;
+----------------------------+-------------+


+---------------------------------------------------------------------------------------------------------------------------------------------------------------------------+
; Analysis & Synthesis Source Files Read                                                                                                                                    ;
+----------------------------------+-----------------+------------------------+-----------------------------------------------------------------------------------+---------+
; File Name with User-Entered Path ; Used in Netlist ; File Type              ; File Name with Absolute Path                                                      ; Library ;
+----------------------------------+-----------------+------------------------+-----------------------------------------------------------------------------------+---------+
; Alg1.v                           ; yes             ; User Verilog HDL File  ; C:/Users/Benjamin Betancourt/Desktop/Comp_Eng_Design_Lab_2/Homework_4/Alg1/Alg1.v ;         ;
+----------------------------------+-----------------+------------------------+-----------------------------------------------------------------------------------+---------+


+-----------------------------------------------------+
; Analysis & Synthesis Resource Usage Summary         ;
+---------------------------------------------+-------+
; Resource                                    ; Usage ;
+---------------------------------------------+-------+
;                                             ;       ;
; Total combinational functions               ; 0     ;
; Logic element usage by number of LUT inputs ;       ;
;     -- 4 input functions                    ; 0     ;
;     -- 3 input functions                    ; 0     ;
;     -- <=2 input functions                  ; 0     ;
;                                             ;       ;
; Logic elements by mode                      ;       ;
;     -- normal mode                          ; 0     ;
;     -- arithmetic mode                      ; 0     ;
;                                             ;       ;
; Total registers                             ; 0     ;
;     -- Dedicated logic registers            ; 0     ;
;     -- I/O registers                        ; 0     ;
;                                             ;       ;
; I/O pins                                    ; 97    ;
;                                             ;       ;
; Embedded Multiplier 9-bit elements          ; 0     ;
;                                             ;       ;
; Maximum fan-out node                        ; clk   ;
; Maximum fan-out                             ; 1     ;
; Total fan-out                               ; 97    ;
; Average fan-out                             ; 0.50  ;
+---------------------------------------------+-------+


+------------------------------------------------------------------------------------------------------------------------------------------------------------------------------------------------------------------------------------+
; Analysis & Synthesis Resource Utilization by Entity                                                                                                                                                                                ;
+----------------------------+---------------------+---------------------------+-------------+------------+--------------+---------+-----------+------+--------------+------------+---------------------+-------------+--------------+
; Compilation Hierarchy Node ; Combinational ALUTs ; Dedicated Logic Registers ; Memory Bits ; UFM Blocks ; DSP Elements ; DSP 9x9 ; DSP 18x18 ; Pins ; Virtual Pins ; ADC blocks ; Full Hierarchy Name ; Entity Name ; Library Name ;
+----------------------------+---------------------+---------------------------+-------------+------------+--------------+---------+-----------+------+--------------+------------+---------------------+-------------+--------------+
; |Alg1                      ; 0 (0)               ; 0 (0)                     ; 0           ; 0          ; 0            ; 0       ; 0         ; 97   ; 0            ; 0          ; |Alg1               ; Alg1        ; work         ;
+----------------------------+---------------------+---------------------------+-------------+------------+--------------+---------+-----------+------+--------------+------------+---------------------+-------------+--------------+
Note: For table entries with two numbers listed, the numbers in parentheses indicate the number of resources of the given type used by the specific entity alone. The numbers listed outside of parentheses indicate the total resources of the given type used by the specific entity and all of its sub-entities in the hierarchy.


+---------------------------------------------------------------------------------+
; Registers Removed During Synthesis                                              ;
+----------------------------------------+----------------------------------------+
; Register name                          ; Reason for Removal                     ;
+----------------------------------------+----------------------------------------+
; s[1..31]                               ; Merged with s[0]                       ;
; s[0]                                   ; Stuck at GND due to stuck port data_in ;
; result[0]~reg0                         ; Stuck at GND due to stuck port data_in ;
; result[1]~reg0                         ; Stuck at GND due to stuck port data_in ;
; result[2]~reg0                         ; Stuck at GND due to stuck port data_in ;
; result[3]~reg0                         ; Stuck at GND due to stuck port data_in ;
; result[4]~reg0                         ; Stuck at GND due to stuck port data_in ;
; result[5]~reg0                         ; Stuck at GND due to stuck port data_in ;
; result[6]~reg0                         ; Stuck at GND due to stuck port data_in ;
; result[7]~reg0                         ; Stuck at GND due to stuck port data_in ;
; result[8]~reg0                         ; Stuck at GND due to stuck port data_in ;
; result[9]~reg0                         ; Stuck at GND due to stuck port data_in ;
; result[10]~reg0                        ; Stuck at GND due to stuck port data_in ;
; result[11]~reg0                        ; Stuck at GND due to stuck port data_in ;
; result[12]~reg0                        ; Stuck at GND due to stuck port data_in ;
; result[13]~reg0                        ; Stuck at GND due to stuck port data_in ;
; result[14]~reg0                        ; Stuck at GND due to stuck port data_in ;
; result[15]~reg0                        ; Stuck at GND due to stuck port data_in ;
; result[16]~reg0                        ; Stuck at GND due to stuck port data_in ;
; result[17]~reg0                        ; Stuck at GND due to stuck port data_in ;
; result[18]~reg0                        ; Stuck at GND due to stuck port data_in ;
; result[19]~reg0                        ; Stuck at GND due to stuck port data_in ;
; result[20]~reg0                        ; Stuck at GND due to stuck port data_in ;
; result[21]~reg0                        ; Stuck at GND due to stuck port data_in ;
; result[22]~reg0                        ; Stuck at GND due to stuck port data_in ;
; result[23]~reg0                        ; Stuck at GND due to stuck port data_in ;
; result[24]~reg0                        ; Stuck at GND due to stuck port data_in ;
; result[25]~reg0                        ; Stuck at GND due to stuck port data_in ;
; result[26]~reg0                        ; Stuck at GND due to stuck port data_in ;
; result[27]~reg0                        ; Stuck at GND due to stuck port data_in ;
; result[28]~reg0                        ; Stuck at GND due to stuck port data_in ;
; result[29]~reg0                        ; Stuck at GND due to stuck port data_in ;
; result[30]~reg0                        ; Stuck at GND due to stuck port data_in ;
; result[31]~reg0                        ; Stuck at GND due to stuck port data_in ;
; b[0..31]                               ; Lost fanout                            ;
; Total Number of Removed Registers = 96 ;                                        ;
+----------------------------------------+----------------------------------------+


+-----------------------------------------------------------------------------------------------------------------------------------------------------------------+
; Removed Registers Triggering Further Register Optimizations                                                                                                     ;
+---------------+---------------------------+---------------------------------------------------------------------------------------------------------------------+
; Register name ; Reason for Removal        ; Registers Removed due to This Register                                                                              ;
+---------------+---------------------------+---------------------------------------------------------------------------------------------------------------------+
; s[0]          ; Stuck at GND              ; result[0]~reg0, result[1]~reg0, result[2]~reg0, result[3]~reg0, result[4]~reg0,                                     ;
;               ; due to stuck port data_in ; result[5]~reg0, result[6]~reg0, result[7]~reg0, result[8]~reg0, result[9]~reg0,                                     ;
;               ;                           ; result[10]~reg0, result[11]~reg0, result[12]~reg0, result[13]~reg0, result[14]~reg0,                                ;
;               ;                           ; result[15]~reg0, result[16]~reg0, result[17]~reg0, result[18]~reg0, result[19]~reg0,                                ;
;               ;                           ; result[20]~reg0, result[21]~reg0, result[22]~reg0, result[23]~reg0, result[24]~reg0,                                ;
;               ;                           ; result[25]~reg0, result[26]~reg0, result[27]~reg0, result[28]~reg0, result[29]~reg0,                                ;
;               ;                           ; result[30]~reg0, result[31]~reg0, b[23], b[24], b[25], b[26], b[27], b[28], b[29], b[30], b[31]                     ;
; b[18]         ; Lost Fanouts              ; b[17], b[16], b[15], b[14], b[13], b[12], b[11], b[10], b[9], b[8], b[7], b[6], b[5], b[4], b[3], b[2], b[1], b[0], ;
;               ;                           ; b[19], b[20], b[21], b[22]                                                                                          ;
+---------------+---------------------------+---------------------------------------------------------------------------------------------------------------------+


+------------------------------------------------------+
; General Register Statistics                          ;
+----------------------------------------------+-------+
; Statistic                                    ; Value ;
+----------------------------------------------+-------+
; Total registers                              ; 0     ;
; Number of registers using Synchronous Clear  ; 0     ;
; Number of registers using Synchronous Load   ; 0     ;
; Number of registers using Asynchronous Clear ; 0     ;
; Number of registers using Asynchronous Load  ; 0     ;
; Number of registers using Clock Enable       ; 0     ;
; Number of registers using Preset             ; 0     ;
+----------------------------------------------+-------+


+----------------------------------------------------------------------+
; Parameter Settings for User Entity Instance: Top-level Entity: |Alg1 ;
+----------------+-------+---------------------------------------------+
; Parameter Name ; Value ; Type                                        ;
+----------------+-------+---------------------------------------------+
; size           ; 32    ; Signed Integer                              ;
+----------------+-------+---------------------------------------------+
Note: In order to hide this table in the UI and the text report file, please set the "Show Parameter Settings in Synthesis Report" option in "Analysis and Synthesis Settings -> More Settings" to "Off".


+-----------------------------------------------------+
; Post-Synthesis Netlist Statistics for Top Partition ;
+-----------------------+-----------------------------+
; Type                  ; Count                       ;
+-----------------------+-----------------------------+
; boundary_port         ; 97                          ;
; cycloneiii_lcell_comb ; 1                           ;
;     normal            ; 1                           ;
;         0 data inputs ; 1                           ;
;                       ;                             ;
; Max LUT depth         ; 0.00                        ;
; Average LUT depth     ; 0.00                        ;
+-----------------------+-----------------------------+


+-------------------------------+
; Elapsed Time Per Partition    ;
+----------------+--------------+
; Partition Name ; Elapsed Time ;
+----------------+--------------+
; Top            ; 00:00:00     ;
+----------------+--------------+


+-------------------------------+
; Analysis & Synthesis Messages ;
+-------------------------------+
Info: *******************************************************************
Info: Running Quartus Prime Analysis & Synthesis
    Info: Version 23.1std.1 Build 993 05/14/2024 SC Lite Edition
    Info: Processing started: Mon Mar 10 13:39:29 2025
Info: Command: quartus_map --read_settings_files=on --write_settings_files=off Alg1 -c Alg1
Warning (18236): Number of processors has not been specified which may cause overloading on shared machines.  Set the global assignment NUM_PARALLEL_PROCESSORS in your QSF to an appropriate value for best performance.
Info (20030): Parallel compilation is enabled and will use 16 of the 32 processors detected
Info (12021): Found 1 design units, including 1 entities, in source file alg1.v
    Info (12023): Found entity 1: Alg1 File: C:/Users/Benjamin Betancourt/Desktop/Comp_Eng_Design_Lab_2/Homework_4/Alg1/Alg1.v Line: 1
Info (12127): Elaborating entity "Alg1" for the top level hierarchy
Warning (10855): Verilog HDL warning at Alg1.v(10): initial value for variable a should be constant File: C:/Users/Benjamin Betancourt/Desktop/Comp_Eng_Design_Lab_2/Homework_4/Alg1/Alg1.v Line: 10
Warning (10855): Verilog HDL warning at Alg1.v(10): initial value for variable b should be constant File: C:/Users/Benjamin Betancourt/Desktop/Comp_Eng_Design_Lab_2/Homework_4/Alg1/Alg1.v Line: 10
Warning (10030): Net "a" at Alg1.v(8) has no driver or initial value, using a default initial value '0' File: C:/Users/Benjamin Betancourt/Desktop/Comp_Eng_Design_Lab_2/Homework_4/Alg1/Alg1.v Line: 8
Warning (13024): Output pins are stuck at VCC or GND
    Warning (13410): Pin "result[0]" is stuck at GND File: C:/Users/Benjamin Betancourt/Desktop/Comp_Eng_Design_Lab_2/Homework_4/Alg1/Alg1.v Line: 16
    Warning (13410): Pin "result[1]" is stuck at GND File: C:/Users/Benjamin Betancourt/Desktop/Comp_Eng_Design_Lab_2/Homework_4/Alg1/Alg1.v Line: 16
    Warning (13410): Pin "result[2]" is stuck at GND File: C:/Users/Benjamin Betancourt/Desktop/Comp_Eng_Design_Lab_2/Homework_4/Alg1/Alg1.v Line: 16
    Warning (13410): Pin "result[3]" is stuck at GND File: C:/Users/Benjamin Betancourt/Desktop/Comp_Eng_Design_Lab_2/Homework_4/Alg1/Alg1.v Line: 16
    Warning (13410): Pin "result[4]" is stuck at GND File: C:/Users/Benjamin Betancourt/Desktop/Comp_Eng_Design_Lab_2/Homework_4/Alg1/Alg1.v Line: 16
    Warning (13410): Pin "result[5]" is stuck at GND File: C:/Users/Benjamin Betancourt/Desktop/Comp_Eng_Design_Lab_2/Homework_4/Alg1/Alg1.v Line: 16
    Warning (13410): Pin "result[6]" is stuck at GND File: C:/Users/Benjamin Betancourt/Desktop/Comp_Eng_Design_Lab_2/Homework_4/Alg1/Alg1.v Line: 16
    Warning (13410): Pin "result[7]" is stuck at GND File: C:/Users/Benjamin Betancourt/Desktop/Comp_Eng_Design_Lab_2/Homework_4/Alg1/Alg1.v Line: 16
    Warning (13410): Pin "result[8]" is stuck at GND File: C:/Users/Benjamin Betancourt/Desktop/Comp_Eng_Design_Lab_2/Homework_4/Alg1/Alg1.v Line: 16
    Warning (13410): Pin "result[9]" is stuck at GND File: C:/Users/Benjamin Betancourt/Desktop/Comp_Eng_Design_Lab_2/Homework_4/Alg1/Alg1.v Line: 16
    Warning (13410): Pin "result[10]" is stuck at GND File: C:/Users/Benjamin Betancourt/Desktop/Comp_Eng_Design_Lab_2/Homework_4/Alg1/Alg1.v Line: 16
    Warning (13410): Pin "result[11]" is stuck at GND File: C:/Users/Benjamin Betancourt/Desktop/Comp_Eng_Design_Lab_2/Homework_4/Alg1/Alg1.v Line: 16
    Warning (13410): Pin "result[12]" is stuck at GND File: C:/Users/Benjamin Betancourt/Desktop/Comp_Eng_Design_Lab_2/Homework_4/Alg1/Alg1.v Line: 16
    Warning (13410): Pin "result[13]" is stuck at GND File: C:/Users/Benjamin Betancourt/Desktop/Comp_Eng_Design_Lab_2/Homework_4/Alg1/Alg1.v Line: 16
    Warning (13410): Pin "result[14]" is stuck at GND File: C:/Users/Benjamin Betancourt/Desktop/Comp_Eng_Design_Lab_2/Homework_4/Alg1/Alg1.v Line: 16
    Warning (13410): Pin "result[15]" is stuck at GND File: C:/Users/Benjamin Betancourt/Desktop/Comp_Eng_Design_Lab_2/Homework_4/Alg1/Alg1.v Line: 16
    Warning (13410): Pin "result[16]" is stuck at GND File: C:/Users/Benjamin Betancourt/Desktop/Comp_Eng_Design_Lab_2/Homework_4/Alg1/Alg1.v Line: 16
    Warning (13410): Pin "result[17]" is stuck at GND File: C:/Users/Benjamin Betancourt/Desktop/Comp_Eng_Design_Lab_2/Homework_4/Alg1/Alg1.v Line: 16
    Warning (13410): Pin "result[18]" is stuck at GND File: C:/Users/Benjamin Betancourt/Desktop/Comp_Eng_Design_Lab_2/Homework_4/Alg1/Alg1.v Line: 16
    Warning (13410): Pin "result[19]" is stuck at GND File: C:/Users/Benjamin Betancourt/Desktop/Comp_Eng_Design_Lab_2/Homework_4/Alg1/Alg1.v Line: 16
    Warning (13410): Pin "result[20]" is stuck at GND File: C:/Users/Benjamin Betancourt/Desktop/Comp_Eng_Design_Lab_2/Homework_4/Alg1/Alg1.v Line: 16
    Warning (13410): Pin "result[21]" is stuck at GND File: C:/Users/Benjamin Betancourt/Desktop/Comp_Eng_Design_Lab_2/Homework_4/Alg1/Alg1.v Line: 16
    Warning (13410): Pin "result[22]" is stuck at GND File: C:/Users/Benjamin Betancourt/Desktop/Comp_Eng_Design_Lab_2/Homework_4/Alg1/Alg1.v Line: 16
    Warning (13410): Pin "result[23]" is stuck at GND File: C:/Users/Benjamin Betancourt/Desktop/Comp_Eng_Design_Lab_2/Homework_4/Alg1/Alg1.v Line: 16
    Warning (13410): Pin "result[24]" is stuck at GND File: C:/Users/Benjamin Betancourt/Desktop/Comp_Eng_Design_Lab_2/Homework_4/Alg1/Alg1.v Line: 16
    Warning (13410): Pin "result[25]" is stuck at GND File: C:/Users/Benjamin Betancourt/Desktop/Comp_Eng_Design_Lab_2/Homework_4/Alg1/Alg1.v Line: 16
    Warning (13410): Pin "result[26]" is stuck at GND File: C:/Users/Benjamin Betancourt/Desktop/Comp_Eng_Design_Lab_2/Homework_4/Alg1/Alg1.v Line: 16
    Warning (13410): Pin "result[27]" is stuck at GND File: C:/Users/Benjamin Betancourt/Desktop/Comp_Eng_Design_Lab_2/Homework_4/Alg1/Alg1.v Line: 16
    Warning (13410): Pin "result[28]" is stuck at GND File: C:/Users/Benjamin Betancourt/Desktop/Comp_Eng_Design_Lab_2/Homework_4/Alg1/Alg1.v Line: 16
    Warning (13410): Pin "result[29]" is stuck at GND File: C:/Users/Benjamin Betancourt/Desktop/Comp_Eng_Design_Lab_2/Homework_4/Alg1/Alg1.v Line: 16
    Warning (13410): Pin "result[30]" is stuck at GND File: C:/Users/Benjamin Betancourt/Desktop/Comp_Eng_Design_Lab_2/Homework_4/Alg1/Alg1.v Line: 16
    Warning (13410): Pin "result[31]" is stuck at GND File: C:/Users/Benjamin Betancourt/Desktop/Comp_Eng_Design_Lab_2/Homework_4/Alg1/Alg1.v Line: 16
Info (17049): 32 registers lost all their fanouts during netlist optimizations.
Info (16010): Generating hard_block partition "hard_block:auto_generated_inst"
    Info (16011): Adding 0 node(s), including 0 DDIO, 0 PLL, 0 transceiver and 0 LCELL
Warning (21074): Design contains 65 input pin(s) that do not drive logic
    Warning (15610): No output dependent on input pin "clk" File: C:/Users/Benjamin Betancourt/Desktop/Comp_Eng_Design_Lab_2/Homework_4/Alg1/Alg1.v Line: 1
    Warning (15610): No output dependent on input pin "aIn[0]" File: C:/Users/Benjamin Betancourt/Desktop/Comp_Eng_Design_Lab_2/Homework_4/Alg1/Alg1.v Line: 2
    Warning (15610): No output dependent on input pin "aIn[1]" File: C:/Users/Benjamin Betancourt/Desktop/Comp_Eng_Design_Lab_2/Homework_4/Alg1/Alg1.v Line: 2
    Warning (15610): No output dependent on input pin "aIn[2]" File: C:/Users/Benjamin Betancourt/Desktop/Comp_Eng_Design_Lab_2/Homework_4/Alg1/Alg1.v Line: 2
    Warning (15610): No output dependent on input pin "aIn[3]" File: C:/Users/Benjamin Betancourt/Desktop/Comp_Eng_Design_Lab_2/Homework_4/Alg1/Alg1.v Line: 2
    Warning (15610): No output dependent on input pin "aIn[4]" File: C:/Users/Benjamin Betancourt/Desktop/Comp_Eng_Design_Lab_2/Homework_4/Alg1/Alg1.v Line: 2
    Warning (15610): No output dependent on input pin "aIn[5]" File: C:/Users/Benjamin Betancourt/Desktop/Comp_Eng_Design_Lab_2/Homework_4/Alg1/Alg1.v Line: 2
    Warning (15610): No output dependent on input pin "aIn[6]" File: C:/Users/Benjamin Betancourt/Desktop/Comp_Eng_Design_Lab_2/Homework_4/Alg1/Alg1.v Line: 2
    Warning (15610): No output dependent on input pin "aIn[7]" File: C:/Users/Benjamin Betancourt/Desktop/Comp_Eng_Design_Lab_2/Homework_4/Alg1/Alg1.v Line: 2
    Warning (15610): No output dependent on input pin "aIn[8]" File: C:/Users/Benjamin Betancourt/Desktop/Comp_Eng_Design_Lab_2/Homework_4/Alg1/Alg1.v Line: 2
    Warning (15610): No output dependent on input pin "aIn[9]" File: C:/Users/Benjamin Betancourt/Desktop/Comp_Eng_Design_Lab_2/Homework_4/Alg1/Alg1.v Line: 2
    Warning (15610): No output dependent on input pin "aIn[10]" File: C:/Users/Benjamin Betancourt/Desktop/Comp_Eng_Design_Lab_2/Homework_4/Alg1/Alg1.v Line: 2
    Warning (15610): No output dependent on input pin "aIn[11]" File: C:/Users/Benjamin Betancourt/Desktop/Comp_Eng_Design_Lab_2/Homework_4/Alg1/Alg1.v Line: 2
    Warning (15610): No output dependent on input pin "aIn[12]" File: C:/Users/Benjamin Betancourt/Desktop/Comp_Eng_Design_Lab_2/Homework_4/Alg1/Alg1.v Line: 2
    Warning (15610): No output dependent on input pin "aIn[13]" File: C:/Users/Benjamin Betancourt/Desktop/Comp_Eng_Design_Lab_2/Homework_4/Alg1/Alg1.v Line: 2
    Warning (15610): No output dependent on input pin "aIn[14]" File: C:/Users/Benjamin Betancourt/Desktop/Comp_Eng_Design_Lab_2/Homework_4/Alg1/Alg1.v Line: 2
    Warning (15610): No output dependent on input pin "aIn[15]" File: C:/Users/Benjamin Betancourt/Desktop/Comp_Eng_Design_Lab_2/Homework_4/Alg1/Alg1.v Line: 2
    Warning (15610): No output dependent on input pin "aIn[16]" File: C:/Users/Benjamin Betancourt/Desktop/Comp_Eng_Design_Lab_2/Homework_4/Alg1/Alg1.v Line: 2
    Warning (15610): No output dependent on input pin "aIn[17]" File: C:/Users/Benjamin Betancourt/Desktop/Comp_Eng_Design_Lab_2/Homework_4/Alg1/Alg1.v Line: 2
    Warning (15610): No output dependent on input pin "aIn[18]" File: C:/Users/Benjamin Betancourt/Desktop/Comp_Eng_Design_Lab_2/Homework_4/Alg1/Alg1.v Line: 2
    Warning (15610): No output dependent on input pin "aIn[19]" File: C:/Users/Benjamin Betancourt/Desktop/Comp_Eng_Design_Lab_2/Homework_4/Alg1/Alg1.v Line: 2
    Warning (15610): No output dependent on input pin "aIn[20]" File: C:/Users/Benjamin Betancourt/Desktop/Comp_Eng_Design_Lab_2/Homework_4/Alg1/Alg1.v Line: 2
    Warning (15610): No output dependent on input pin "aIn[21]" File: C:/Users/Benjamin Betancourt/Desktop/Comp_Eng_Design_Lab_2/Homework_4/Alg1/Alg1.v Line: 2
    Warning (15610): No output dependent on input pin "aIn[22]" File: C:/Users/Benjamin Betancourt/Desktop/Comp_Eng_Design_Lab_2/Homework_4/Alg1/Alg1.v Line: 2
    Warning (15610): No output dependent on input pin "aIn[23]" File: C:/Users/Benjamin Betancourt/Desktop/Comp_Eng_Design_Lab_2/Homework_4/Alg1/Alg1.v Line: 2
    Warning (15610): No output dependent on input pin "aIn[24]" File: C:/Users/Benjamin Betancourt/Desktop/Comp_Eng_Design_Lab_2/Homework_4/Alg1/Alg1.v Line: 2
    Warning (15610): No output dependent on input pin "aIn[25]" File: C:/Users/Benjamin Betancourt/Desktop/Comp_Eng_Design_Lab_2/Homework_4/Alg1/Alg1.v Line: 2
    Warning (15610): No output dependent on input pin "aIn[26]" File: C:/Users/Benjamin Betancourt/Desktop/Comp_Eng_Design_Lab_2/Homework_4/Alg1/Alg1.v Line: 2
    Warning (15610): No output dependent on input pin "aIn[27]" File: C:/Users/Benjamin Betancourt/Desktop/Comp_Eng_Design_Lab_2/Homework_4/Alg1/Alg1.v Line: 2
    Warning (15610): No output dependent on input pin "aIn[28]" File: C:/Users/Benjamin Betancourt/Desktop/Comp_Eng_Design_Lab_2/Homework_4/Alg1/Alg1.v Line: 2
    Warning (15610): No output dependent on input pin "aIn[29]" File: C:/Users/Benjamin Betancourt/Desktop/Comp_Eng_Design_Lab_2/Homework_4/Alg1/Alg1.v Line: 2
    Warning (15610): No output dependent on input pin "aIn[30]" File: C:/Users/Benjamin Betancourt/Desktop/Comp_Eng_Design_Lab_2/Homework_4/Alg1/Alg1.v Line: 2
    Warning (15610): No output dependent on input pin "aIn[31]" File: C:/Users/Benjamin Betancourt/Desktop/Comp_Eng_Design_Lab_2/Homework_4/Alg1/Alg1.v Line: 2
    Warning (15610): No output dependent on input pin "bIn[0]" File: C:/Users/Benjamin Betancourt/Desktop/Comp_Eng_Design_Lab_2/Homework_4/Alg1/Alg1.v Line: 2
    Warning (15610): No output dependent on input pin "bIn[1]" File: C:/Users/Benjamin Betancourt/Desktop/Comp_Eng_Design_Lab_2/Homework_4/Alg1/Alg1.v Line: 2
    Warning (15610): No output dependent on input pin "bIn[2]" File: C:/Users/Benjamin Betancourt/Desktop/Comp_Eng_Design_Lab_2/Homework_4/Alg1/Alg1.v Line: 2
    Warning (15610): No output dependent on input pin "bIn[3]" File: C:/Users/Benjamin Betancourt/Desktop/Comp_Eng_Design_Lab_2/Homework_4/Alg1/Alg1.v Line: 2
    Warning (15610): No output dependent on input pin "bIn[4]" File: C:/Users/Benjamin Betancourt/Desktop/Comp_Eng_Design_Lab_2/Homework_4/Alg1/Alg1.v Line: 2
    Warning (15610): No output dependent on input pin "bIn[5]" File: C:/Users/Benjamin Betancourt/Desktop/Comp_Eng_Design_Lab_2/Homework_4/Alg1/Alg1.v Line: 2
    Warning (15610): No output dependent on input pin "bIn[6]" File: C:/Users/Benjamin Betancourt/Desktop/Comp_Eng_Design_Lab_2/Homework_4/Alg1/Alg1.v Line: 2
    Warning (15610): No output dependent on input pin "bIn[7]" File: C:/Users/Benjamin Betancourt/Desktop/Comp_Eng_Design_Lab_2/Homework_4/Alg1/Alg1.v Line: 2
    Warning (15610): No output dependent on input pin "bIn[8]" File: C:/Users/Benjamin Betancourt/Desktop/Comp_Eng_Design_Lab_2/Homework_4/Alg1/Alg1.v Line: 2
    Warning (15610): No output dependent on input pin "bIn[9]" File: C:/Users/Benjamin Betancourt/Desktop/Comp_Eng_Design_Lab_2/Homework_4/Alg1/Alg1.v Line: 2
    Warning (15610): No output dependent on input pin "bIn[10]" File: C:/Users/Benjamin Betancourt/Desktop/Comp_Eng_Design_Lab_2/Homework_4/Alg1/Alg1.v Line: 2
    Warning (15610): No output dependent on input pin "bIn[11]" File: C:/Users/Benjamin Betancourt/Desktop/Comp_Eng_Design_Lab_2/Homework_4/Alg1/Alg1.v Line: 2
    Warning (15610): No output dependent on input pin "bIn[12]" File: C:/Users/Benjamin Betancourt/Desktop/Comp_Eng_Design_Lab_2/Homework_4/Alg1/Alg1.v Line: 2
    Warning (15610): No output dependent on input pin "bIn[13]" File: C:/Users/Benjamin Betancourt/Desktop/Comp_Eng_Design_Lab_2/Homework_4/Alg1/Alg1.v Line: 2
    Warning (15610): No output dependent on input pin "bIn[14]" File: C:/Users/Benjamin Betancourt/Desktop/Comp_Eng_Design_Lab_2/Homework_4/Alg1/Alg1.v Line: 2
    Warning (15610): No output dependent on input pin "bIn[15]" File: C:/Users/Benjamin Betancourt/Desktop/Comp_Eng_Design_Lab_2/Homework_4/Alg1/Alg1.v Line: 2
    Warning (15610): No output dependent on input pin "bIn[16]" File: C:/Users/Benjamin Betancourt/Desktop/Comp_Eng_Design_Lab_2/Homework_4/Alg1/Alg1.v Line: 2
    Warning (15610): No output dependent on input pin "bIn[17]" File: C:/Users/Benjamin Betancourt/Desktop/Comp_Eng_Design_Lab_2/Homework_4/Alg1/Alg1.v Line: 2
    Warning (15610): No output dependent on input pin "bIn[18]" File: C:/Users/Benjamin Betancourt/Desktop/Comp_Eng_Design_Lab_2/Homework_4/Alg1/Alg1.v Line: 2
    Warning (15610): No output dependent on input pin "bIn[19]" File: C:/Users/Benjamin Betancourt/Desktop/Comp_Eng_Design_Lab_2/Homework_4/Alg1/Alg1.v Line: 2
    Warning (15610): No output dependent on input pin "bIn[20]" File: C:/Users/Benjamin Betancourt/Desktop/Comp_Eng_Design_Lab_2/Homework_4/Alg1/Alg1.v Line: 2
    Warning (15610): No output dependent on input pin "bIn[21]" File: C:/Users/Benjamin Betancourt/Desktop/Comp_Eng_Design_Lab_2/Homework_4/Alg1/Alg1.v Line: 2
    Warning (15610): No output dependent on input pin "bIn[22]" File: C:/Users/Benjamin Betancourt/Desktop/Comp_Eng_Design_Lab_2/Homework_4/Alg1/Alg1.v Line: 2
    Warning (15610): No output dependent on input pin "bIn[23]" File: C:/Users/Benjamin Betancourt/Desktop/Comp_Eng_Design_Lab_2/Homework_4/Alg1/Alg1.v Line: 2
    Warning (15610): No output dependent on input pin "bIn[24]" File: C:/Users/Benjamin Betancourt/Desktop/Comp_Eng_Design_Lab_2/Homework_4/Alg1/Alg1.v Line: 2
    Warning (15610): No output dependent on input pin "bIn[25]" File: C:/Users/Benjamin Betancourt/Desktop/Comp_Eng_Design_Lab_2/Homework_4/Alg1/Alg1.v Line: 2
    Warning (15610): No output dependent on input pin "bIn[26]" File: C:/Users/Benjamin Betancourt/Desktop/Comp_Eng_Design_Lab_2/Homework_4/Alg1/Alg1.v Line: 2
    Warning (15610): No output dependent on input pin "bIn[27]" File: C:/Users/Benjamin Betancourt/Desktop/Comp_Eng_Design_Lab_2/Homework_4/Alg1/Alg1.v Line: 2
    Warning (15610): No output dependent on input pin "bIn[28]" File: C:/Users/Benjamin Betancourt/Desktop/Comp_Eng_Design_Lab_2/Homework_4/Alg1/Alg1.v Line: 2
    Warning (15610): No output dependent on input pin "bIn[29]" File: C:/Users/Benjamin Betancourt/Desktop/Comp_Eng_Design_Lab_2/Homework_4/Alg1/Alg1.v Line: 2
    Warning (15610): No output dependent on input pin "bIn[30]" File: C:/Users/Benjamin Betancourt/Desktop/Comp_Eng_Design_Lab_2/Homework_4/Alg1/Alg1.v Line: 2
    Warning (15610): No output dependent on input pin "bIn[31]" File: C:/Users/Benjamin Betancourt/Desktop/Comp_Eng_Design_Lab_2/Homework_4/Alg1/Alg1.v Line: 2
Info (21057): Implemented 97 device resources after synthesis - the final resource count might be different
    Info (21058): Implemented 65 input pins
    Info (21059): Implemented 32 output pins
Info: Quartus Prime Analysis & Synthesis was successful. 0 errors, 103 warnings
    Info: Peak virtual memory: 4740 megabytes
    Info: Processing ended: Mon Mar 10 13:39:33 2025
    Info: Elapsed time: 00:00:04
    Info: Total CPU time (on all processors): 00:00:10


